Thu Jan 18 2018 12:53:56 GMT+0530 (IST): GET: /about
Thu Jan 18 2018 12:56:16 GMT+0530 (IST): GET /home
Thu Jan 18 2018 12:56:16 GMT+0530 (IST): GET /about
 Thu Jan 18 2018 12:57:28 GMT+0530 (IST):GET /home
 Thu Jan 18 2018 12:57:28 GMT+0530 (IST):GET /about
 Thu Jan 18 2018 12:58:49 GMT+0530 (IST):GET /home
 Thu Jan 18 2018 13:53:52 GMT+0530 (IST):GET /home
 Thu Jan 18 2018 13:53:59 GMT+0530 (IST):GET /home
 Thu Jan 18 2018 13:54:36 GMT+0530 (IST):GET /home
 Thu Jan 18 2018 13:55:04 GMT+0530 (IST):GET /home
 Thu Jan 18 2018 13:55:05 GMT+0530 (IST):GET /home
 Thu Jan 18 2018 13:56:35 GMT+0530 (IST):GET /home
 Thu Jan 18 2018 13:56:37 GMT+0530 (IST):GET /about
 Thu Jan 18 2018 13:56:39 GMT+0530 (IST):GET /home
 Thu Jan 18 2018 14:05:18 GMT+0530 (IST):GET /about
 Thu Jan 18 2018 14:05:18 GMT+0530 (IST):GET /apple-touch-icon-precomposed.png
 Thu Jan 18 2018 14:05:18 GMT+0530 (IST):GET /apple-touch-icon.png
 Thu Jan 18 2018 14:05:18 GMT+0530 (IST):GET /favicon.ico
 Thu Jan 18 2018 14:05:18 GMT+0530 (IST):GET /apple-touch-icon-precomposed.png
 Thu Jan 18 2018 14:05:18 GMT+0530 (IST):GET /apple-touch-icon.png
 Thu Jan 18 2018 14:05:18 GMT+0530 (IST):GET /favicon.ico
 Thu Jan 18 2018 14:05:18 GMT+0530 (IST):GET /about
 Thu Jan 18 2018 14:05:18 GMT+0530 (IST):GET /apple-touch-icon-precomposed.png
 Thu Jan 18 2018 14:05:18 GMT+0530 (IST):GET /apple-touch-icon.png
 Thu Jan 18 2018 14:05:18 GMT+0530 (IST):GET /favicon.ico
 Thu Jan 18 2018 14:05:18 GMT+0530 (IST):GET /apple-touch-icon-precomposed.png
 Thu Jan 18 2018 14:05:18 GMT+0530 (IST):GET /apple-touch-icon.png
 Thu Jan 18 2018 14:05:18 GMT+0530 (IST):GET /favicon.ico
